{
  "timestamp": "2021-10-17 03:19:15.393183",
  "device_info": {
    "serial_number": "AD4AGzdTUA0gMjlC",
    "model": "600",
    "git_hash": "33ce490dd994e5008ae6fe8a5d8dd079a4848503",
    "git_dirty": false,
    "git_timestamp": 1620087252,
    "uuid": "71d16502-a4ec-4bce-8e43-fa709f05fb4a"
  },
  "calibration": {
    "invert": false,
    "phase_invert": true,
    "poles": 40,
    "offset": [
      -0.08224633355130362,
      -0.20798585839517655,
      -0.3159230648408826,
      -0.32344466569896385,
      -0.35297806508629054,
      -0.41553070463090425,
      -0.47170381136500583,
      -0.5219951886749162,
      -0.534313680285995,
      -0.4911731078634006,
      -0.38352472669137394,
      -0.25820316233670587,
      -0.1710536543327121,
      -0.11830900428379426,
      -0.11850512313585346,
      -0.14246876919331322,
      -0.1704607737221958,
      -0.19745453966373333,
      -0.20066702173958223,
      -0.19457367548973603,
      -0.20863532439155624,
      -0.2708287053580142,
      -0.33060504699653454,
      -0.3861683575861176,
      -0.41382741751544994,
      -0.38058895926129205,
      -0.29884201746599864,
      -0.20115080717583514,
      -0.13417516038698393,
      -0.1009764604437539,
      -0.12491383356439316,
      -0.1707340527051417,
      -0.22697145893548878,
      -0.2745054307854595,
      -0.2982894714752058,
      -0.30321117548636894,
      -0.33423292961217926,
      -0.3954493352228992,
      -0.45695067077929413,
      -0.5200176180723192,
      -0.5422965349027364,
      -0.5046809234626181,
      -0.4084730029973374,
      -0.28712620970970687,
      -0.19253046717522038,
      -0.130374571799803,
      -0.12468210788048087,
      -0.15017166898893955,
      -0.17634093331019862,
      -0.19237684203061126,
      -0.19043872694747194,
      -0.17868584425429165,
      -0.1939204669335753,
      -0.256197530301745,
      -0.3147361691062953,
      -0.3666105795139603,
      -0.39678219773562706,
      -0.3702721481536175,
      -0.28697702202623043,
      -0.19223361414449286,
      -0.13133604169350738,
      -0.10742145786029676,
      -0.13703890349991535,
      -0.18616946767467826
    ]
  },
  "winding_resistance": 0.08810482423827333,
  "inductance": 4.724341654617696e-05,
  "pid_dq_kp": 0.029683914070390404,
  "pid_dq_ki": 55.35789371455589,
  "torque_bw_hz": 100.0,
  "encoder_filter_bw_hz": 200.0,
  "encoder_filter_kp": 2513.2741228718346,
  "encoder_filter_ki": 1579136.7041742974,
  "v_per_hz": 0.29994834044326996,
  "kv": 100.01722281798716,
  "unwrapped_position_scale": 1.0
}
